<?xml version="1.0" encoding="UTF-8"?>
<!-- Generated by org.testng.reporters.JUnitReportReporter -->
<testsuite skipped="0" hostname="DESKTOP-6TE3S6R" name="com.selenium.testng.FrameworkTestNg.testTestNgSchenerio" tests="1" failures="0" timestamp="13 Jul 2019 08:49:24 GMT" time="48.000" errors="0">
  <testcase name="verifyHomepageTitle" time="48.000" classname="com.selenium.testng.FrameworkTestNg.testTestNgSchenerio"/>
</testsuite> <!-- com.selenium.testng.FrameworkTestNg.testTestNgSchenerio -->
